2020-08-04 20:04:18 | 1596542658.1177 | INFO | SELECT `id` FROM `oc_products` WHERE `status` = "1" LIMIT 0, 1000 | SUCCESS
2020-08-04 20:04:18 | 1596542658.1331 | INFO | SELECT * FROM `oc_products` WHERE `id` = "" LIMIT 1 | SUCCESS
2020-08-04 20:04:18 | 1596542658.1453 | INFO | SELECT * FROM `oc_products` WHERE `id` = "" LIMIT 1 | SUCCESS
2020-08-04 20:04:18 | 1596542658.1569 | INFO | SELECT * FROM `oc_products` WHERE `id` = "" LIMIT 1 | SUCCESS
2020-08-04 20:04:18 | 1596542658.1688 | INFO | SELECT * FROM `oc_products` WHERE `id` = "" LIMIT 1 | SUCCESS
2020-08-04 20:04:18 | 1596542658.1811 | INFO | SELECT * FROM `oc_products` WHERE `id` = "" LIMIT 1 | SUCCESS
2020-08-04 20:04:18 | 1596542658.1931 | INFO | SELECT * FROM `oc_products` WHERE `id` = "" LIMIT 1 | SUCCESS
2020-08-04 20:04:18 | 1596542658.2045 | INFO | SELECT * FROM `oc_products` WHERE `id` = "" LIMIT 1 | SUCCESS
2020-08-04 20:04:18 | 1596542658.2161 | INFO | SELECT * FROM `oc_products` WHERE `id` = "" LIMIT 1 | SUCCESS
2020-08-04 20:04:18 | 1596542658.2272 | INFO | SELECT * FROM `oc_products` WHERE `id` = "" LIMIT 1 | SUCCESS
2020-08-04 20:04:18 | 1596542658.2375 | INFO | SELECT * FROM `oc_products` WHERE `id` = "" LIMIT 1 | SUCCESS
2020-08-04 20:04:18 | 1596542658.2469 | INFO | SELECT * FROM `oc_products` WHERE `id` = "" LIMIT 1 | SUCCESS
2020-08-04 20:04:18 | 1596542658.2559 | INFO | SELECT * FROM `oc_products` WHERE `id` = "" LIMIT 1 | SUCCESS
2020-08-04 20:04:18 | 1596542658.2655 | INFO | SELECT * FROM `oc_products` WHERE `id` = "" LIMIT 1 | SUCCESS
2020-08-04 20:04:18 | 1596542658.2753 | INFO | SELECT * FROM `oc_products` WHERE `id` = "" LIMIT 1 | SUCCESS
2020-08-04 20:04:18 | 1596542658.2854 | INFO | SELECT * FROM `oc_products` WHERE `id` = "" LIMIT 1 | SUCCESS
2020-08-04 20:04:18 | 1596542658.2953 | INFO | SELECT * FROM `oc_products` WHERE `id` = "" LIMIT 1 | SUCCESS
2020-08-04 20:04:18 | 1596542658.3054 | INFO | SELECT * FROM `oc_products` WHERE `id` = "" LIMIT 1 | SUCCESS
2020-08-04 20:04:18 | 1596542658.3152 | INFO | SELECT * FROM `oc_products` WHERE `id` = "" LIMIT 1 | SUCCESS
2020-08-04 20:04:18 | 1596542658.3250 | INFO | SELECT * FROM `oc_products` WHERE `id` = "" LIMIT 1 | SUCCESS
2020-08-04 20:04:18 | 1596542658.3346 | INFO | SELECT * FROM `oc_products` WHERE `id` = "" LIMIT 1 | SUCCESS
2020-08-04 20:04:18 | 1596542658.3442 | INFO | SELECT * FROM `oc_products` WHERE `id` = "" LIMIT 1 | SUCCESS
2020-08-04 20:04:18 | 1596542658.3540 | INFO | SELECT * FROM `oc_products` WHERE `id` = "" LIMIT 1 | SUCCESS
2020-08-04 20:04:18 | 1596542658.3640 | INFO | SELECT * FROM `oc_products` WHERE `id` = "" LIMIT 1 | SUCCESS
2020-08-04 20:04:18 | 1596542658.3738 | INFO | SELECT * FROM `oc_products` WHERE `id` = "" LIMIT 1 | SUCCESS
2020-08-04 20:04:18 | 1596542658.3835 | INFO | SELECT * FROM `oc_products` WHERE `id` = "" LIMIT 1 | SUCCESS
2020-08-04 20:04:18 | 1596542658.3934 | INFO | SELECT * FROM `oc_products` WHERE `id` = "" LIMIT 1 | SUCCESS
2020-08-04 20:04:18 | 1596542658.4032 | INFO | SELECT * FROM `oc_products` WHERE `id` = "" LIMIT 1 | SUCCESS
2020-08-04 20:04:18 | 1596542658.4129 | INFO | SELECT * FROM `oc_products` WHERE `id` = "" LIMIT 1 | SUCCESS
2020-08-04 20:04:18 | 1596542658.4222 | INFO | SELECT * FROM `oc_products` WHERE `id` = "" LIMIT 1 | SUCCESS
2020-08-04 20:04:18 | 1596542658.4319 | INFO | SELECT * FROM `oc_products` WHERE `id` = "" LIMIT 1 | SUCCESS
2020-08-04 20:04:18 | 1596542658.4416 | INFO | SELECT * FROM `oc_products` WHERE `id` = "" LIMIT 1 | SUCCESS
2020-08-04 20:04:18 | 1596542658.4514 | INFO | SELECT * FROM `oc_products` WHERE `id` = "" LIMIT 1 | SUCCESS
2020-08-04 20:04:18 | 1596542658.4610 | INFO | SELECT * FROM `oc_products` WHERE `id` = "" LIMIT 1 | SUCCESS
2020-08-04 20:04:18 | 1596542658.4706 | INFO | SELECT * FROM `oc_products` WHERE `id` = "" LIMIT 1 | SUCCESS
2020-08-04 20:04:18 | 1596542658.4804 | INFO | SELECT * FROM `oc_products` WHERE `id` = "" LIMIT 1 | SUCCESS
2020-08-04 20:04:18 | 1596542658.4901 | INFO | SELECT * FROM `oc_products` WHERE `id` = "" LIMIT 1 | SUCCESS
2020-08-04 20:04:18 | 1596542658.4999 | INFO | SELECT * FROM `oc_products` WHERE `id` = "" LIMIT 1 | SUCCESS
2020-08-04 20:04:18 | 1596542658.5099 | INFO | SELECT * FROM `oc_products` WHERE `id` = "" LIMIT 1 | SUCCESS
2020-08-04 20:04:18 | 1596542658.5194 | INFO | SELECT * FROM `oc_products` WHERE `id` = "" LIMIT 1 | SUCCESS
2020-08-04 20:04:18 | 1596542658.5290 | INFO | SELECT * FROM `oc_products` WHERE `id` = "" LIMIT 1 | SUCCESS
2020-08-04 20:04:18 | 1596542658.5387 | INFO | SELECT * FROM `oc_products` WHERE `id` = "" LIMIT 1 | SUCCESS
2020-08-04 20:04:47 | 1596542687.1046 | INFO | SELECT `id` FROM `oc_products` WHERE `status` = "1" LIMIT 0, 1000 | SUCCESS
2020-08-04 20:04:47 | 1596542687.1095 | INFO | SELECT * FROM `oc_products` WHERE `id` = "1" LIMIT 1 | SUCCESS
2020-08-04 20:05:27 | 1596542727.5173 | INFO | SELECT `id` FROM `oc_products` WHERE `status` = "1" LIMIT 0, 1000 | SUCCESS
2020-08-04 20:05:27 | 1596542727.5208 | INFO | SELECT * FROM `oc_products` WHERE `id` = "1" LIMIT 1 | SUCCESS
2020-08-04 20:06:14 | 1596542774.8591 | INFO | SELECT `id` FROM `oc_products` WHERE `status` = "1" LIMIT 0, 1000 | SUCCESS
2020-08-04 20:06:14 | 1596542774.8624 | INFO | SELECT * FROM `oc_products` WHERE `id` = "1" LIMIT 1 | SUCCESS
2020-08-04 20:06:49 | 1596542809.5635 | INFO | SELECT `id` FROM `oc_products` WHERE `status` = "1" LIMIT 0, 1000 | SUCCESS
2020-08-04 20:06:49 | 1596542809.5676 | INFO | SELECT * FROM `oc_products` WHERE `id` = "1" LIMIT 1 | SUCCESS
2020-08-04 20:06:57 | 1596542817.1734 | INFO | SELECT `id` FROM `oc_products` WHERE `status` = "1" LIMIT 0, 1000 | SUCCESS
2020-08-04 20:06:57 | 1596542817.1770 | INFO | SELECT * FROM `oc_products` WHERE `id` = "1" LIMIT 1 | SUCCESS
2020-08-04 20:06:59 | 1596542819.0327 | INFO | SELECT `id` FROM `oc_products` WHERE `status` = "1" LIMIT 0, 1000 | SUCCESS
2020-08-04 20:06:59 | 1596542819.0354 | INFO | SELECT * FROM `oc_products` WHERE `id` = "1" LIMIT 1 | SUCCESS
2020-08-04 20:07:20 | 1596542840.9058 | INFO | SELECT `id` FROM `oc_products` WHERE `status` = "1" LIMIT 0, 1000 | SUCCESS
2020-08-04 20:07:20 | 1596542840.9092 | INFO | SELECT * FROM `oc_products` WHERE `id` = "1" LIMIT 1 | SUCCESS
2020-08-04 20:07:24 | 1596542844.2101 | INFO | SELECT `id` FROM `oc_products` WHERE `status` = "1" LIMIT 0, 1000 | SUCCESS
2020-08-04 20:07:24 | 1596542844.2124 | INFO | SELECT * FROM `oc_products` WHERE `id` = "1" LIMIT 1 | SUCCESS
2020-08-04 20:07:32 | 1596542852.1174 | INFO | SELECT `id` FROM `oc_products` WHERE `status` = "1" LIMIT 0, 1000 | SUCCESS
2020-08-04 20:07:32 | 1596542852.1205 | INFO | SELECT * FROM `oc_products` WHERE `id` = "1" LIMIT 1 | SUCCESS
2020-08-04 20:07:40 | 1596542860.9126 | INFO | SELECT `id` FROM `oc_products` WHERE `status` = "1" LIMIT 0, 1000 | SUCCESS
2020-08-04 20:07:40 | 1596542860.9162 | INFO | SELECT * FROM `oc_products` WHERE `id` = "1" LIMIT 1 | SUCCESS
2020-08-04 20:08:11 | 1596542891.1315 | INFO | SELECT `id` FROM `oc_products` WHERE `status` = "1" LIMIT 0, 1000 | SUCCESS
2020-08-04 20:08:11 | 1596542891.1349 | INFO | SELECT * FROM `oc_products` WHERE `id` = "1" LIMIT 1 | SUCCESS
2020-08-04 20:08:17 | 1596542897.9656 | INFO | SELECT `id` FROM `oc_products` WHERE `status` = "1" LIMIT 0, 1000 | SUCCESS
2020-08-04 20:08:17 | 1596542897.9692 | INFO | SELECT * FROM `oc_products` WHERE `id` = "1" LIMIT 1 | SUCCESS
2020-08-04 20:08:55 | 1596542935.6364 | INFO | SELECT `id` FROM `oc_products` WHERE `status` = "1" LIMIT 0, 1000 | SUCCESS
2020-08-04 20:08:55 | 1596542935.6405 | INFO | SELECT * FROM `oc_products` WHERE `id` = "1" LIMIT 1 | SUCCESS
2020-08-04 20:08:56 | 1596542936.5386 | INFO | SELECT `id` FROM `oc_products` WHERE `status` = "1" LIMIT 0, 1000 | SUCCESS
2020-08-04 20:08:56 | 1596542936.5412 | INFO | SELECT * FROM `oc_products` WHERE `id` = "1" LIMIT 1 | SUCCESS
2020-08-04 20:08:57 | 1596542937.0660 | INFO | SELECT `id` FROM `oc_products` WHERE `status` = "1" LIMIT 0, 1000 | SUCCESS
2020-08-04 20:08:57 | 1596542937.0686 | INFO | SELECT * FROM `oc_products` WHERE `id` = "1" LIMIT 1 | SUCCESS
2020-08-04 20:08:57 | 1596542937.5384 | INFO | SELECT `id` FROM `oc_products` WHERE `status` = "1" LIMIT 0, 1000 | SUCCESS
2020-08-04 20:08:57 | 1596542937.5412 | INFO | SELECT * FROM `oc_products` WHERE `id` = "1" LIMIT 1 | SUCCESS
2020-08-04 20:08:57 | 1596542937.9706 | INFO | SELECT `id` FROM `oc_products` WHERE `status` = "1" LIMIT 0, 1000 | SUCCESS
2020-08-04 20:08:57 | 1596542937.9733 | INFO | SELECT * FROM `oc_products` WHERE `id` = "1" LIMIT 1 | SUCCESS
2020-08-04 20:08:58 | 1596542938.4261 | INFO | SELECT `id` FROM `oc_products` WHERE `status` = "1" LIMIT 0, 1000 | SUCCESS
2020-08-04 20:08:58 | 1596542938.4287 | INFO | SELECT * FROM `oc_products` WHERE `id` = "1" LIMIT 1 | SUCCESS
2020-08-04 20:08:58 | 1596542938.8819 | INFO | SELECT `id` FROM `oc_products` WHERE `status` = "1" LIMIT 0, 1000 | SUCCESS
2020-08-04 20:08:58 | 1596542938.8853 | INFO | SELECT * FROM `oc_products` WHERE `id` = "1" LIMIT 1 | SUCCESS
2020-08-04 20:08:59 | 1596542939.3302 | INFO | SELECT `id` FROM `oc_products` WHERE `status` = "1" LIMIT 0, 1000 | SUCCESS
2020-08-04 20:08:59 | 1596542939.3328 | INFO | SELECT * FROM `oc_products` WHERE `id` = "1" LIMIT 1 | SUCCESS
2020-08-04 20:08:59 | 1596542939.7541 | INFO | SELECT `id` FROM `oc_products` WHERE `status` = "1" LIMIT 0, 1000 | SUCCESS
2020-08-04 20:08:59 | 1596542939.7567 | INFO | SELECT * FROM `oc_products` WHERE `id` = "1" LIMIT 1 | SUCCESS
2020-08-04 20:09:00 | 1596542940.1781 | INFO | SELECT `id` FROM `oc_products` WHERE `status` = "1" LIMIT 0, 1000 | SUCCESS
2020-08-04 20:09:00 | 1596542940.1808 | INFO | SELECT * FROM `oc_products` WHERE `id` = "1" LIMIT 1 | SUCCESS
2020-08-04 20:09:00 | 1596542940.6264 | INFO | SELECT `id` FROM `oc_products` WHERE `status` = "1" LIMIT 0, 1000 | SUCCESS
2020-08-04 20:09:00 | 1596542940.6291 | INFO | SELECT * FROM `oc_products` WHERE `id` = "1" LIMIT 1 | SUCCESS
2020-08-04 20:09:01 | 1596542941.1301 | INFO | SELECT `id` FROM `oc_products` WHERE `status` = "1" LIMIT 0, 1000 | SUCCESS
2020-08-04 20:09:01 | 1596542941.1330 | INFO | SELECT * FROM `oc_products` WHERE `id` = "1" LIMIT 1 | SUCCESS
2020-08-04 20:09:48 | 1596542988.0151 | INFO | SELECT `id` FROM `oc_products` WHERE `status` = "1" LIMIT 0, 1000 | SUCCESS
2020-08-04 20:09:48 | 1596542988.0199 | INFO | SELECT * FROM `oc_products` WHERE `id` = "1" LIMIT 1 | SUCCESS
2020-08-04 20:10:02 | 1596543002.2544 | INFO | SELECT `id` FROM `oc_products` WHERE `status` = "1" LIMIT 0, 1000 | SUCCESS
2020-08-04 20:10:02 | 1596543002.2578 | INFO | SELECT * FROM `oc_products` WHERE `id` = "1" LIMIT 1 | SUCCESS
2020-08-04 20:10:26 | 1596543026.4167 | INFO | SELECT `id` FROM `oc_products` WHERE `status` = "1" LIMIT 0, 1000 | SUCCESS
2020-08-04 20:11:19 | 1596543079.7001 | INFO | SELECT `id` FROM `oc_products` WHERE `status` = "1" LIMIT 0, 1000 | SUCCESS
2020-08-04 20:12:30 | 1596543150.2535 | INFO | SELECT `id` FROM `oc_products` WHERE `status` = "1" LIMIT 0, 1000 | SUCCESS
2020-08-04 20:12:30 | 1596543150.2585 | INFO | SELECT * FROM `oc_products` WHERE `id` = "1" LIMIT 1 | SUCCESS
2020-08-04 20:12:35 | 1596543155.8580 | INFO | SELECT `id` FROM `oc_products` WHERE `status` = "1" LIMIT 0, 1000 | SUCCESS
2020-08-04 20:12:35 | 1596543155.8607 | INFO | SELECT * FROM `oc_products` WHERE `id` = "1" LIMIT 1 | SUCCESS
2020-08-04 20:13:38 | 1596543218.8381 | INFO | SELECT `id` FROM `oc_products` WHERE `status` = "1" LIMIT 0, 1000 | SUCCESS
2020-08-04 20:13:38 | 1596543218.8430 | INFO | SELECT * FROM `oc_products` WHERE `id` = "1" LIMIT 1 | SUCCESS
2020-08-04 20:14:12 | 1596543252.4228 | INFO | SELECT `id` FROM `oc_products` WHERE `status` = "1" LIMIT 0, 1000 | SUCCESS
2020-08-04 20:14:12 | 1596543252.4277 | INFO | SELECT * FROM `oc_products` WHERE `id` = "1" LIMIT 1 | SUCCESS
2020-08-04 20:24:11 | 1596543851.7656 | INFO | SELECT `id` FROM `oc_products` WHERE `status` = "1" LIMIT 0, 1000 | SUCCESS
2020-08-04 20:24:11 | 1596543851.7704 | INFO | SELECT * FROM `oc_products` WHERE `id` = "1" LIMIT 1 | SUCCESS
2020-08-04 20:24:11 | 1596543851.8005 | INFO | SELECT * FROM `oc_products` WHERE `id` = "2" LIMIT 1 | SUCCESS
2020-08-04 20:24:11 | 1596543851.8053 | INFO | SELECT * FROM `oc_products` WHERE `id` = "3" LIMIT 1 | SUCCESS
2020-08-04 20:24:11 | 1596543851.8102 | INFO | SELECT * FROM `oc_products` WHERE `id` = "4" LIMIT 1 | SUCCESS
2020-08-04 20:24:11 | 1596543851.8154 | INFO | SELECT * FROM `oc_products` WHERE `id` = "5" LIMIT 1 | SUCCESS
2020-08-04 20:24:11 | 1596543851.8200 | INFO | SELECT * FROM `oc_products` WHERE `id` = "6" LIMIT 1 | SUCCESS
2020-08-04 20:24:11 | 1596543851.8244 | INFO | SELECT * FROM `oc_products` WHERE `id` = "7" LIMIT 1 | SUCCESS
2020-08-04 20:24:11 | 1596543851.8286 | INFO | SELECT * FROM `oc_products` WHERE `id` = "8" LIMIT 1 | SUCCESS
2020-08-04 20:24:11 | 1596543851.8328 | INFO | SELECT * FROM `oc_products` WHERE `id` = "9" LIMIT 1 | SUCCESS
2020-08-04 20:24:11 | 1596543851.8372 | INFO | SELECT * FROM `oc_products` WHERE `id` = "10" LIMIT 1 | SUCCESS
2020-08-04 20:24:11 | 1596543851.8415 | INFO | SELECT * FROM `oc_products` WHERE `id` = "11" LIMIT 1 | SUCCESS
2020-08-04 20:24:11 | 1596543851.8458 | INFO | SELECT * FROM `oc_products` WHERE `id` = "12" LIMIT 1 | SUCCESS
2020-08-04 20:24:11 | 1596543851.8501 | INFO | SELECT * FROM `oc_products` WHERE `id` = "13" LIMIT 1 | SUCCESS
2020-08-04 20:24:11 | 1596543851.8544 | INFO | SELECT * FROM `oc_products` WHERE `id` = "14" LIMIT 1 | SUCCESS
2020-08-04 20:24:11 | 1596543851.8586 | INFO | SELECT * FROM `oc_products` WHERE `id` = "15" LIMIT 1 | SUCCESS
2020-08-04 20:24:11 | 1596543851.8626 | INFO | SELECT * FROM `oc_products` WHERE `id` = "16" LIMIT 1 | SUCCESS
2020-08-04 20:24:11 | 1596543851.8668 | INFO | SELECT * FROM `oc_products` WHERE `id` = "17" LIMIT 1 | SUCCESS
2020-08-04 20:24:11 | 1596543851.8713 | INFO | SELECT * FROM `oc_products` WHERE `id` = "18" LIMIT 1 | SUCCESS
2020-08-04 20:24:11 | 1596543851.8756 | INFO | SELECT * FROM `oc_products` WHERE `id` = "19" LIMIT 1 | SUCCESS
2020-08-04 20:24:11 | 1596543851.8798 | INFO | SELECT * FROM `oc_products` WHERE `id` = "20" LIMIT 1 | SUCCESS
2020-08-04 20:24:11 | 1596543851.8840 | INFO | SELECT * FROM `oc_products` WHERE `id` = "21" LIMIT 1 | SUCCESS
2020-08-04 20:24:11 | 1596543851.8881 | INFO | SELECT * FROM `oc_products` WHERE `id` = "22" LIMIT 1 | SUCCESS
2020-08-04 20:24:11 | 1596543851.8924 | INFO | SELECT * FROM `oc_products` WHERE `id` = "23" LIMIT 1 | SUCCESS
2020-08-04 20:24:11 | 1596543851.8966 | INFO | SELECT * FROM `oc_products` WHERE `id` = "24" LIMIT 1 | SUCCESS
2020-08-04 20:24:11 | 1596543851.9009 | INFO | SELECT * FROM `oc_products` WHERE `id` = "25" LIMIT 1 | SUCCESS
2020-08-04 20:24:11 | 1596543851.9049 | INFO | SELECT * FROM `oc_products` WHERE `id` = "26" LIMIT 1 | SUCCESS
2020-08-04 20:24:11 | 1596543851.9092 | INFO | SELECT * FROM `oc_products` WHERE `id` = "27" LIMIT 1 | SUCCESS
2020-08-04 20:24:11 | 1596543851.9136 | INFO | SELECT * FROM `oc_products` WHERE `id` = "28" LIMIT 1 | SUCCESS
2020-08-04 20:24:11 | 1596543851.9179 | INFO | SELECT * FROM `oc_products` WHERE `id` = "29" LIMIT 1 | SUCCESS
2020-08-04 20:24:11 | 1596543851.9222 | INFO | SELECT * FROM `oc_products` WHERE `id` = "30" LIMIT 1 | SUCCESS
2020-08-04 20:24:11 | 1596543851.9265 | INFO | SELECT * FROM `oc_products` WHERE `id` = "31" LIMIT 1 | SUCCESS
2020-08-04 20:24:11 | 1596543851.9308 | INFO | SELECT * FROM `oc_products` WHERE `id` = "32" LIMIT 1 | SUCCESS
2020-08-04 20:24:11 | 1596543851.9350 | INFO | SELECT * FROM `oc_products` WHERE `id` = "33" LIMIT 1 | SUCCESS
2020-08-04 20:24:11 | 1596543851.9396 | INFO | SELECT * FROM `oc_products` WHERE `id` = "34" LIMIT 1 | SUCCESS
2020-08-04 20:24:11 | 1596543851.9438 | INFO | SELECT * FROM `oc_products` WHERE `id` = "35" LIMIT 1 | SUCCESS
2020-08-04 20:24:11 | 1596543851.9479 | INFO | SELECT * FROM `oc_products` WHERE `id` = "36" LIMIT 1 | SUCCESS
2020-08-04 20:24:11 | 1596543851.9520 | INFO | SELECT * FROM `oc_products` WHERE `id` = "37" LIMIT 1 | SUCCESS
2020-08-04 20:24:11 | 1596543851.9562 | INFO | SELECT * FROM `oc_products` WHERE `id` = "38" LIMIT 1 | SUCCESS
2020-08-04 20:24:11 | 1596543851.9604 | INFO | SELECT * FROM `oc_products` WHERE `id` = "39" LIMIT 1 | SUCCESS
2020-08-04 20:24:11 | 1596543851.9646 | INFO | SELECT * FROM `oc_products` WHERE `id` = "40" LIMIT 1 | SUCCESS
2020-08-04 20:24:11 | 1596543851.9689 | INFO | SELECT * FROM `oc_products` WHERE `id` = "41" LIMIT 1 | SUCCESS
2020-08-04 20:24:12 | 1596543852.6743 | INFO | UPDATE `oc_products` SET `es_id` = '24ZtuXMBlQr4oNUE4MkX'  WHERE `id` = "0" LIMIT 1 | SUCCESS
2020-08-04 20:24:13 | 1596543853.7181 | INFO | UPDATE `oc_products` SET `es_id` = '3IZtuXMBlQr4oNUE5Ml9'  WHERE `id` = "0" LIMIT 1 | SUCCESS
2020-08-04 20:24:14 | 1596543854.7600 | INFO | UPDATE `oc_products` SET `es_id` = '3YZtuXMBlQr4oNUE6MmZ'  WHERE `id` = "0" LIMIT 1 | SUCCESS
2020-08-04 20:24:15 | 1596543855.7994 | INFO | UPDATE `oc_products` SET `es_id` = '34ZtuXMBlQr4oNUE7Mmm'  WHERE `id` = "0" LIMIT 1 | SUCCESS
2020-08-04 20:24:16 | 1596543856.8364 | INFO | UPDATE `oc_products` SET `es_id` = '4IZtuXMBlQr4oNUE8Mmy'  WHERE `id` = "0" LIMIT 1 | SUCCESS
2020-08-04 20:24:17 | 1596543857.8707 | INFO | UPDATE `oc_products` SET `es_id` = '4YZtuXMBlQr4oNUE9Mm-'  WHERE `id` = "0" LIMIT 1 | SUCCESS
2020-08-04 20:24:18 | 1596543858.9041 | INFO | UPDATE `oc_products` SET `es_id` = '4oZtuXMBlQr4oNUE-MnI'  WHERE `id` = "0" LIMIT 1 | SUCCESS
2020-08-04 20:24:19 | 1596543859.9401 | INFO | UPDATE `oc_products` SET `es_id` = '44ZtuXMBlQr4oNUE_MnU'  WHERE `id` = "0" LIMIT 1 | SUCCESS
2020-08-04 20:24:20 | 1596543860.9798 | INFO | UPDATE `oc_products` SET `es_id` = '5IZuuXMBlQr4oNUEAMnd'  WHERE `id` = "0" LIMIT 1 | SUCCESS
2020-08-04 20:24:22 | 1596543862.0221 | INFO | UPDATE `oc_products` SET `es_id` = '5YZuuXMBlQr4oNUEBMny'  WHERE `id` = "0" LIMIT 1 | SUCCESS
2020-08-04 20:24:23 | 1596543863.0579 | INFO | UPDATE `oc_products` SET `es_id` = '5oZuuXMBlQr4oNUECckA'  WHERE `id` = "0" LIMIT 1 | SUCCESS
2020-08-04 20:24:24 | 1596543864.0913 | INFO | UPDATE `oc_products` SET `es_id` = '54ZuuXMBlQr4oNUEDckL'  WHERE `id` = "0" LIMIT 1 | SUCCESS
2020-08-04 20:24:25 | 1596543865.1249 | INFO | UPDATE `oc_products` SET `es_id` = '6IZuuXMBlQr4oNUEEckV'  WHERE `id` = "0" LIMIT 1 | SUCCESS
2020-08-04 20:24:26 | 1596543866.1589 | INFO | UPDATE `oc_products` SET `es_id` = '6oZuuXMBlQr4oNUEFcke'  WHERE `id` = "0" LIMIT 1 | SUCCESS
2020-08-04 20:24:27 | 1596543867.2584 | INFO | UPDATE `oc_products` SET `es_id` = '64ZuuXMBlQr4oNUEGcko'  WHERE `id` = "0" LIMIT 1 | SUCCESS
2020-08-04 20:24:28 | 1596543868.2979 | INFO | UPDATE `oc_products` SET `es_id` = '7IZuuXMBlQr4oNUEHcl2'  WHERE `id` = "0" LIMIT 1 | SUCCESS
2020-08-04 20:24:29 | 1596543869.3330 | INFO | UPDATE `oc_products` SET `es_id` = '7YZuuXMBlQr4oNUEIcmD'  WHERE `id` = "0" LIMIT 1 | SUCCESS
2020-08-04 20:24:30 | 1596543870.3682 | INFO | UPDATE `oc_products` SET `es_id` = '7oZuuXMBlQr4oNUEJcmO'  WHERE `id` = "0" LIMIT 1 | SUCCESS
2020-08-04 20:24:31 | 1596543871.4053 | INFO | UPDATE `oc_products` SET `es_id` = '74ZuuXMBlQr4oNUEKcma'  WHERE `id` = "0" LIMIT 1 | SUCCESS
2020-08-04 20:24:32 | 1596543872.4405 | INFO | UPDATE `oc_products` SET `es_id` = '8IZuuXMBlQr4oNUELcmn'  WHERE `id` = "0" LIMIT 1 | SUCCESS
2020-08-04 20:24:33 | 1596543873.4758 | INFO | UPDATE `oc_products` SET `es_id` = '8YZuuXMBlQr4oNUEMcmx'  WHERE `id` = "0" LIMIT 1 | SUCCESS
2020-08-04 20:24:34 | 1596543874.5148 | INFO | UPDATE `oc_products` SET `es_id` = '8oZuuXMBlQr4oNUENcnD'  WHERE `id` = "0" LIMIT 1 | SUCCESS
2020-08-04 20:24:35 | 1596543875.5480 | INFO | UPDATE `oc_products` SET `es_id` = '9IZuuXMBlQr4oNUEOcnL'  WHERE `id` = "0" LIMIT 1 | SUCCESS
2020-08-04 20:24:36 | 1596543876.5839 | INFO | UPDATE `oc_products` SET `es_id` = '9YZuuXMBlQr4oNUEPcnV'  WHERE `id` = "0" LIMIT 1 | SUCCESS
2020-08-04 20:24:37 | 1596543877.6252 | INFO | UPDATE `oc_products` SET `es_id` = '9oZuuXMBlQr4oNUEQcnk'  WHERE `id` = "0" LIMIT 1 | SUCCESS
2020-08-04 20:24:38 | 1596543878.6613 | INFO | UPDATE `oc_products` SET `es_id` = '94ZuuXMBlQr4oNUERcn0'  WHERE `id` = "0" LIMIT 1 | SUCCESS
2020-08-04 20:24:39 | 1596543879.7068 | INFO | UPDATE `oc_products` SET `es_id` = '-IZuuXMBlQr4oNUESskC'  WHERE `id` = "0" LIMIT 1 | SUCCESS
2020-08-04 20:24:40 | 1596543880.7433 | INFO | UPDATE `oc_products` SET `es_id` = '-YZuuXMBlQr4oNUETskU'  WHERE `id` = "0" LIMIT 1 | SUCCESS
2020-08-04 20:24:41 | 1596543881.7808 | INFO | UPDATE `oc_products` SET `es_id` = '-oZuuXMBlQr4oNUEUski'  WHERE `id` = "0" LIMIT 1 | SUCCESS
2020-08-04 20:24:42 | 1596543882.8187 | INFO | UPDATE `oc_products` SET `es_id` = '-4ZuuXMBlQr4oNUEVskv'  WHERE `id` = "0" LIMIT 1 | SUCCESS
2020-08-04 20:24:43 | 1596543883.8577 | INFO | UPDATE `oc_products` SET `es_id` = '_IZuuXMBlQr4oNUEWsk7'  WHERE `id` = "0" LIMIT 1 | SUCCESS
2020-08-04 20:24:44 | 1596543884.8965 | INFO | UPDATE `oc_products` SET `es_id` = '_YZuuXMBlQr4oNUEXslN'  WHERE `id` = "0" LIMIT 1 | SUCCESS
2020-08-04 20:24:45 | 1596543885.9343 | INFO | UPDATE `oc_products` SET `es_id` = '_4ZuuXMBlQr4oNUEYslb'  WHERE `id` = "0" LIMIT 1 | SUCCESS
2020-08-04 20:24:46 | 1596543886.9671 | INFO | UPDATE `oc_products` SET `es_id` = 'AIZuuXMBlQr4oNUEZspn'  WHERE `id` = "0" LIMIT 1 | SUCCESS
2020-08-04 20:24:48 | 1596543888.0025 | INFO | UPDATE `oc_products` SET `es_id` = 'AYZuuXMBlQr4oNUEaspw'  WHERE `id` = "0" LIMIT 1 | SUCCESS
2020-08-04 20:24:49 | 1596543889.0403 | INFO | UPDATE `oc_products` SET `es_id` = 'AoZuuXMBlQr4oNUEbsp9'  WHERE `id` = "0" LIMIT 1 | SUCCESS
2020-08-04 20:24:50 | 1596543890.0780 | INFO | UPDATE `oc_products` SET `es_id` = 'A4ZuuXMBlQr4oNUEcsqK'  WHERE `id` = "0" LIMIT 1 | SUCCESS
2020-08-04 20:24:51 | 1596543891.1112 | INFO | UPDATE `oc_products` SET `es_id` = 'BIZuuXMBlQr4oNUEdsqX'  WHERE `id` = "0" LIMIT 1 | SUCCESS
2020-08-04 20:24:52 | 1596543892.1888 | INFO | UPDATE `oc_products` SET `es_id` = 'BYZuuXMBlQr4oNUEesqi'  WHERE `id` = "0" LIMIT 1 | SUCCESS
2020-08-04 20:24:53 | 1596543893.2262 | INFO | UPDATE `oc_products` SET `es_id` = 'BoZuuXMBlQr4oNUEfsrW'  WHERE `id` = "0" LIMIT 1 | SUCCESS
2020-08-04 20:24:54 | 1596543894.2699 | INFO | UPDATE `oc_products` SET `es_id` = 'B4ZuuXMBlQr4oNUEgsrm'  WHERE `id` = "0" LIMIT 1 | SUCCESS
2020-08-04 20:25:56 | 1596543956.9430 | INFO | SELECT `id` FROM `oc_products` WHERE `status` = "1" LIMIT 0, 1000 | SUCCESS
2020-08-04 20:25:56 | 1596543956.9464 | INFO | SELECT * FROM `oc_products` WHERE `id` = "1" LIMIT 1 | SUCCESS
2020-08-04 20:25:56 | 1596543956.9518 | INFO | SELECT * FROM `oc_products` WHERE `id` = "2" LIMIT 1 | SUCCESS
2020-08-04 20:25:56 | 1596543956.9565 | INFO | SELECT * FROM `oc_products` WHERE `id` = "3" LIMIT 1 | SUCCESS
2020-08-04 20:25:56 | 1596543956.9611 | INFO | SELECT * FROM `oc_products` WHERE `id` = "4" LIMIT 1 | SUCCESS
2020-08-04 20:25:56 | 1596543956.9655 | INFO | SELECT * FROM `oc_products` WHERE `id` = "5" LIMIT 1 | SUCCESS
2020-08-04 20:25:56 | 1596543956.9701 | INFO | SELECT * FROM `oc_products` WHERE `id` = "6" LIMIT 1 | SUCCESS
2020-08-04 20:25:56 | 1596543956.9747 | INFO | SELECT * FROM `oc_products` WHERE `id` = "7" LIMIT 1 | SUCCESS
2020-08-04 20:25:56 | 1596543956.9788 | INFO | SELECT * FROM `oc_products` WHERE `id` = "8" LIMIT 1 | SUCCESS
2020-08-04 20:25:56 | 1596543956.9828 | INFO | SELECT * FROM `oc_products` WHERE `id` = "9" LIMIT 1 | SUCCESS
2020-08-04 20:25:56 | 1596543956.9872 | INFO | SELECT * FROM `oc_products` WHERE `id` = "10" LIMIT 1 | SUCCESS
2020-08-04 20:25:56 | 1596543956.9915 | INFO | SELECT * FROM `oc_products` WHERE `id` = "11" LIMIT 1 | SUCCESS
2020-08-04 20:25:56 | 1596543956.9956 | INFO | SELECT * FROM `oc_products` WHERE `id` = "12" LIMIT 1 | SUCCESS
2020-08-04 20:25:56 | 1596543957.0000 | INFO | SELECT * FROM `oc_products` WHERE `id` = "13" LIMIT 1 | SUCCESS
2020-08-04 20:25:57 | 1596543957.0042 | INFO | SELECT * FROM `oc_products` WHERE `id` = "14" LIMIT 1 | SUCCESS
2020-08-04 20:25:57 | 1596543957.0084 | INFO | SELECT * FROM `oc_products` WHERE `id` = "15" LIMIT 1 | SUCCESS
2020-08-04 20:25:57 | 1596543957.0128 | INFO | SELECT * FROM `oc_products` WHERE `id` = "16" LIMIT 1 | SUCCESS
2020-08-04 20:25:57 | 1596543957.0169 | INFO | SELECT * FROM `oc_products` WHERE `id` = "17" LIMIT 1 | SUCCESS
2020-08-04 20:25:57 | 1596543957.0208 | INFO | SELECT * FROM `oc_products` WHERE `id` = "18" LIMIT 1 | SUCCESS
2020-08-04 20:25:57 | 1596543957.0250 | INFO | SELECT * FROM `oc_products` WHERE `id` = "19" LIMIT 1 | SUCCESS
2020-08-04 20:25:57 | 1596543957.0288 | INFO | SELECT * FROM `oc_products` WHERE `id` = "20" LIMIT 1 | SUCCESS
2020-08-04 20:25:57 | 1596543957.0329 | INFO | SELECT * FROM `oc_products` WHERE `id` = "21" LIMIT 1 | SUCCESS
2020-08-04 20:25:57 | 1596543957.0371 | INFO | SELECT * FROM `oc_products` WHERE `id` = "22" LIMIT 1 | SUCCESS
2020-08-04 20:25:57 | 1596543957.0413 | INFO | SELECT * FROM `oc_products` WHERE `id` = "23" LIMIT 1 | SUCCESS
2020-08-04 20:25:57 | 1596543957.0455 | INFO | SELECT * FROM `oc_products` WHERE `id` = "24" LIMIT 1 | SUCCESS
2020-08-04 20:25:57 | 1596543957.0496 | INFO | SELECT * FROM `oc_products` WHERE `id` = "25" LIMIT 1 | SUCCESS
2020-08-04 20:25:57 | 1596543957.0539 | INFO | SELECT * FROM `oc_products` WHERE `id` = "26" LIMIT 1 | SUCCESS
2020-08-04 20:25:57 | 1596543957.0580 | INFO | SELECT * FROM `oc_products` WHERE `id` = "27" LIMIT 1 | SUCCESS
2020-08-04 20:25:57 | 1596543957.0620 | INFO | SELECT * FROM `oc_products` WHERE `id` = "28" LIMIT 1 | SUCCESS
2020-08-04 20:25:57 | 1596543957.0659 | INFO | SELECT * FROM `oc_products` WHERE `id` = "29" LIMIT 1 | SUCCESS
2020-08-04 20:25:57 | 1596543957.0699 | INFO | SELECT * FROM `oc_products` WHERE `id` = "30" LIMIT 1 | SUCCESS
2020-08-04 20:25:57 | 1596543957.0738 | INFO | SELECT * FROM `oc_products` WHERE `id` = "31" LIMIT 1 | SUCCESS
2020-08-04 20:25:57 | 1596543957.0781 | INFO | SELECT * FROM `oc_products` WHERE `id` = "32" LIMIT 1 | SUCCESS
2020-08-04 20:25:57 | 1596543957.0822 | INFO | SELECT * FROM `oc_products` WHERE `id` = "33" LIMIT 1 | SUCCESS
2020-08-04 20:25:57 | 1596543957.0863 | INFO | SELECT * FROM `oc_products` WHERE `id` = "34" LIMIT 1 | SUCCESS
2020-08-04 20:25:57 | 1596543957.0905 | INFO | SELECT * FROM `oc_products` WHERE `id` = "35" LIMIT 1 | SUCCESS
2020-08-04 20:25:57 | 1596543957.0946 | INFO | SELECT * FROM `oc_products` WHERE `id` = "36" LIMIT 1 | SUCCESS
2020-08-04 20:25:57 | 1596543957.0987 | INFO | SELECT * FROM `oc_products` WHERE `id` = "37" LIMIT 1 | SUCCESS
2020-08-04 20:25:57 | 1596543957.1028 | INFO | SELECT * FROM `oc_products` WHERE `id` = "38" LIMIT 1 | SUCCESS
2020-08-04 20:25:57 | 1596543957.1073 | INFO | SELECT * FROM `oc_products` WHERE `id` = "39" LIMIT 1 | SUCCESS
2020-08-04 20:25:57 | 1596543957.1114 | INFO | SELECT * FROM `oc_products` WHERE `id` = "40" LIMIT 1 | SUCCESS
2020-08-04 20:25:57 | 1596543957.1156 | INFO | SELECT * FROM `oc_products` WHERE `id` = "41" LIMIT 1 | SUCCESS
2020-08-04 20:25:57 | 1596543957.3959 | INFO | UPDATE `oc_products` SET `es_id` = 'D4ZvuXMBlQr4oNUEecod'  WHERE `id` = "1" LIMIT 1 | SUCCESS
2020-08-04 20:25:58 | 1596543958.4654 | INFO | UPDATE `oc_products` SET `es_id` = 'EIZvuXMBlQr4oNUEfcqG'  WHERE `id` = "2" LIMIT 1 | SUCCESS
2020-08-04 20:25:59 | 1596543959.5407 | INFO | UPDATE `oc_products` SET `es_id` = 'EYZvuXMBlQr4oNUEgcqy'  WHERE `id` = "3" LIMIT 1 | SUCCESS
2020-08-04 20:26:00 | 1596543960.6164 | INFO | UPDATE `oc_products` SET `es_id` = 'EoZvuXMBlQr4oNUEhcrm'  WHERE `id` = "4" LIMIT 1 | SUCCESS
2020-08-04 20:26:01 | 1596543961.6890 | INFO | UPDATE `oc_products` SET `es_id` = 'E4ZvuXMBlQr4oNUEisoZ'  WHERE `id` = "5" LIMIT 1 | SUCCESS
2020-08-04 20:26:02 | 1596543962.7563 | INFO | UPDATE `oc_products` SET `es_id` = 'FIZvuXMBlQr4oNUEjspI'  WHERE `id` = "6" LIMIT 1 | SUCCESS
2020-08-04 20:26:03 | 1596543963.8299 | INFO | UPDATE `oc_products` SET `es_id` = 'FYZvuXMBlQr4oNUEkspz'  WHERE `id` = "7" LIMIT 1 | SUCCESS
2020-08-04 20:26:04 | 1596543964.8981 | INFO | UPDATE `oc_products` SET `es_id` = 'FoZvuXMBlQr4oNUElsqn'  WHERE `id` = "8" LIMIT 1 | SUCCESS
2020-08-04 20:26:05 | 1596543965.9700 | INFO | UPDATE `oc_products` SET `es_id` = 'GIZvuXMBlQr4oNUEmsrT'  WHERE `id` = "9" LIMIT 1 | SUCCESS
2020-08-04 20:26:07 | 1596543967.0418 | INFO | UPDATE `oc_products` SET `es_id` = 'GYZvuXMBlQr4oNUEn8oB'  WHERE `id` = "10" LIMIT 1 | SUCCESS
2020-08-04 20:26:08 | 1596543968.1152 | INFO | UPDATE `oc_products` SET `es_id` = 'GoZvuXMBlQr4oNUEo8oz'  WHERE `id` = "11" LIMIT 1 | SUCCESS
2020-08-04 20:26:09 | 1596543969.2162 | INFO | UPDATE `oc_products` SET `es_id` = 'G4ZvuXMBlQr4oNUEp8pj'  WHERE `id` = "12" LIMIT 1 | SUCCESS
2020-08-04 20:26:10 | 1596543970.2893 | INFO | UPDATE `oc_products` SET `es_id` = 'HIZvuXMBlQr4oNUEq8qw'  WHERE `id` = "13" LIMIT 1 | SUCCESS
2020-08-04 20:26:11 | 1596543971.3588 | INFO | UPDATE `oc_products` SET `es_id` = 'HYZvuXMBlQr4oNUEr8ri'  WHERE `id` = "14" LIMIT 1 | SUCCESS
2020-08-04 20:26:12 | 1596543972.4307 | INFO | UPDATE `oc_products` SET `es_id` = 'HoZvuXMBlQr4oNUEtMoO'  WHERE `id` = "15" LIMIT 1 | SUCCESS
2020-08-04 20:26:13 | 1596543973.5019 | INFO | UPDATE `oc_products` SET `es_id` = 'H4ZvuXMBlQr4oNUEuMo-'  WHERE `id` = "16" LIMIT 1 | SUCCESS
2020-08-04 20:26:14 | 1596543974.5738 | INFO | UPDATE `oc_products` SET `es_id` = 'IIZvuXMBlQr4oNUEvMpt'  WHERE `id` = "17" LIMIT 1 | SUCCESS
2020-08-04 20:26:15 | 1596543975.6468 | INFO | UPDATE `oc_products` SET `es_id` = 'IoZvuXMBlQr4oNUEwMqd'  WHERE `id` = "18" LIMIT 1 | SUCCESS
2020-08-04 20:26:16 | 1596543976.7181 | INFO | UPDATE `oc_products` SET `es_id` = 'I4ZvuXMBlQr4oNUExMrR'  WHERE `id` = "19" LIMIT 1 | SUCCESS
2020-08-04 20:26:17 | 1596543977.7893 | INFO | UPDATE `oc_products` SET `es_id` = 'JIZvuXMBlQr4oNUEyMr-'  WHERE `id` = "20" LIMIT 1 | SUCCESS
2020-08-04 20:26:18 | 1596543978.8643 | INFO | UPDATE `oc_products` SET `es_id` = 'JYZvuXMBlQr4oNUEzcos'  WHERE `id` = "21" LIMIT 1 | SUCCESS
2020-08-04 20:26:19 | 1596543979.9374 | INFO | UPDATE `oc_products` SET `es_id` = 'JoZvuXMBlQr4oNUE0cpf'  WHERE `id` = "22" LIMIT 1 | SUCCESS
2020-08-04 20:26:21 | 1596543981.0083 | INFO | UPDATE `oc_products` SET `es_id` = 'J4ZvuXMBlQr4oNUE1cqT'  WHERE `id` = "23" LIMIT 1 | SUCCESS
2020-08-04 20:26:22 | 1596543982.0780 | INFO | UPDATE `oc_products` SET `es_id` = 'KIZvuXMBlQr4oNUE2cq_'  WHERE `id` = "24" LIMIT 1 | SUCCESS
2020-08-04 20:26:23 | 1596543983.1600 | INFO | UPDATE `oc_products` SET `es_id` = 'KYZvuXMBlQr4oNUE3cru'  WHERE `id` = "25" LIMIT 1 | SUCCESS
2020-08-04 20:26:24 | 1596543984.2332 | INFO | UPDATE `oc_products` SET `es_id` = 'KoZvuXMBlQr4oNUE4sor'  WHERE `id` = "26" LIMIT 1 | SUCCESS
2020-08-04 20:26:25 | 1596543985.3041 | INFO | UPDATE `oc_products` SET `es_id` = 'LIZvuXMBlQr4oNUE5spZ'  WHERE `id` = "27" LIMIT 1 | SUCCESS
2020-08-04 20:26:26 | 1596543986.3778 | INFO | UPDATE `oc_products` SET `es_id` = 'LYZvuXMBlQr4oNUE6sqH'  WHERE `id` = "28" LIMIT 1 | SUCCESS
2020-08-04 20:26:27 | 1596543987.4488 | INFO | UPDATE `oc_products` SET `es_id` = 'LoZvuXMBlQr4oNUE7sq5'  WHERE `id` = "29" LIMIT 1 | SUCCESS
2020-08-04 20:26:28 | 1596543988.5235 | INFO | UPDATE `oc_products` SET `es_id` = 'L4ZvuXMBlQr4oNUE8sro'  WHERE `id` = "30" LIMIT 1 | SUCCESS
2020-08-04 20:26:29 | 1596543989.5943 | INFO | UPDATE `oc_products` SET `es_id` = 'MIZvuXMBlQr4oNUE98ob'  WHERE `id` = "31" LIMIT 1 | SUCCESS
2020-08-04 20:26:30 | 1596543990.6668 | INFO | UPDATE `oc_products` SET `es_id` = 'MYZvuXMBlQr4oNUE-8pL'  WHERE `id` = "32" LIMIT 1 | SUCCESS
2020-08-04 20:26:31 | 1596543991.7395 | INFO | UPDATE `oc_products` SET `es_id` = 'MoZvuXMBlQr4oNUE_8p7'  WHERE `id` = "33" LIMIT 1 | SUCCESS
2020-08-04 20:26:32 | 1596543992.8148 | INFO | UPDATE `oc_products` SET `es_id` = 'M4ZwuXMBlQr4oNUEA8qr'  WHERE `id` = "34" LIMIT 1 | SUCCESS
2020-08-04 20:26:33 | 1596543993.8920 | INFO | UPDATE `oc_products` SET `es_id` = 'NIZwuXMBlQr4oNUEB8rg'  WHERE `id` = "35" LIMIT 1 | SUCCESS
2020-08-04 20:26:34 | 1596543994.9649 | INFO | UPDATE `oc_products` SET `es_id` = 'NYZwuXMBlQr4oNUEDMoU'  WHERE `id` = "36" LIMIT 1 | SUCCESS
2020-08-04 20:26:36 | 1596543996.0412 | INFO | UPDATE `oc_products` SET `es_id` = 'N4ZwuXMBlQr4oNUEEMpF'  WHERE `id` = "37" LIMIT 1 | SUCCESS
2020-08-04 20:26:37 | 1596543997.1139 | INFO | UPDATE `oc_products` SET `es_id` = 'OIZwuXMBlQr4oNUEFMp5'  WHERE `id` = "38" LIMIT 1 | SUCCESS
2020-08-04 20:26:38 | 1596543998.1949 | INFO | UPDATE `oc_products` SET `es_id` = 'OYZwuXMBlQr4oNUEGMqq'  WHERE `id` = "39" LIMIT 1 | SUCCESS
2020-08-04 20:26:39 | 1596543999.2691 | INFO | UPDATE `oc_products` SET `es_id` = 'OoZwuXMBlQr4oNUEHMri'  WHERE `id` = "40" LIMIT 1 | SUCCESS
2020-08-04 20:26:40 | 1596544000.3393 | INFO | UPDATE `oc_products` SET `es_id` = 'O4ZwuXMBlQr4oNUEIcoV'  WHERE `id` = "41" LIMIT 1 | SUCCESS
2020-08-04 20:39:11 | 1596544751.3146 | INFO | SELECT `id` FROM `oc_products` WHERE `status` = "1" LIMIT 0, 1000 | SUCCESS
2020-08-04 20:39:11 | 1596544751.3196 | INFO | SELECT * FROM `oc_products` WHERE `id` = "1" LIMIT 1 | SUCCESS
2020-08-04 20:39:11 | 1596544751.3262 | INFO | SELECT * FROM `oc_products` WHERE `id` = "2" LIMIT 1 | SUCCESS
2020-08-04 20:39:11 | 1596544751.3305 | INFO | SELECT * FROM `oc_products` WHERE `id` = "3" LIMIT 1 | SUCCESS
2020-08-04 20:39:11 | 1596544751.3352 | INFO | SELECT * FROM `oc_products` WHERE `id` = "4" LIMIT 1 | SUCCESS
2020-08-04 20:39:11 | 1596544751.3400 | INFO | SELECT * FROM `oc_products` WHERE `id` = "5" LIMIT 1 | SUCCESS
2020-08-04 20:39:11 | 1596544751.3448 | INFO | SELECT * FROM `oc_products` WHERE `id` = "6" LIMIT 1 | SUCCESS
2020-08-04 20:39:11 | 1596544751.3491 | INFO | SELECT * FROM `oc_products` WHERE `id` = "7" LIMIT 1 | SUCCESS
2020-08-04 20:39:11 | 1596544751.3535 | INFO | SELECT * FROM `oc_products` WHERE `id` = "8" LIMIT 1 | SUCCESS
2020-08-04 20:39:11 | 1596544751.3576 | INFO | SELECT * FROM `oc_products` WHERE `id` = "9" LIMIT 1 | SUCCESS
2020-08-04 20:39:11 | 1596544751.3624 | INFO | SELECT * FROM `oc_products` WHERE `id` = "10" LIMIT 1 | SUCCESS
2020-08-04 20:39:11 | 1596544751.3670 | INFO | SELECT * FROM `oc_products` WHERE `id` = "11" LIMIT 1 | SUCCESS
2020-08-04 20:39:11 | 1596544751.3714 | INFO | SELECT * FROM `oc_products` WHERE `id` = "12" LIMIT 1 | SUCCESS
2020-08-04 20:39:11 | 1596544751.3762 | INFO | SELECT * FROM `oc_products` WHERE `id` = "13" LIMIT 1 | SUCCESS
2020-08-04 20:39:11 | 1596544751.3807 | INFO | SELECT * FROM `oc_products` WHERE `id` = "14" LIMIT 1 | SUCCESS
2020-08-04 20:39:11 | 1596544751.3854 | INFO | SELECT * FROM `oc_products` WHERE `id` = "15" LIMIT 1 | SUCCESS
2020-08-04 20:39:11 | 1596544751.3896 | INFO | SELECT * FROM `oc_products` WHERE `id` = "16" LIMIT 1 | SUCCESS
2020-08-04 20:39:11 | 1596544751.3940 | INFO | SELECT * FROM `oc_products` WHERE `id` = "17" LIMIT 1 | SUCCESS
2020-08-04 20:39:11 | 1596544751.3983 | INFO | SELECT * FROM `oc_products` WHERE `id` = "18" LIMIT 1 | SUCCESS
2020-08-04 20:39:11 | 1596544751.4025 | INFO | SELECT * FROM `oc_products` WHERE `id` = "19" LIMIT 1 | SUCCESS
2020-08-04 20:39:11 | 1596544751.4069 | INFO | SELECT * FROM `oc_products` WHERE `id` = "20" LIMIT 1 | SUCCESS
2020-08-04 20:39:11 | 1596544751.4111 | INFO | SELECT * FROM `oc_products` WHERE `id` = "21" LIMIT 1 | SUCCESS
2020-08-04 20:39:11 | 1596544751.4154 | INFO | SELECT * FROM `oc_products` WHERE `id` = "22" LIMIT 1 | SUCCESS
2020-08-04 20:39:11 | 1596544751.4198 | INFO | SELECT * FROM `oc_products` WHERE `id` = "23" LIMIT 1 | SUCCESS
2020-08-04 20:39:11 | 1596544751.4244 | INFO | SELECT * FROM `oc_products` WHERE `id` = "24" LIMIT 1 | SUCCESS
2020-08-04 20:39:11 | 1596544751.4287 | INFO | SELECT * FROM `oc_products` WHERE `id` = "25" LIMIT 1 | SUCCESS
2020-08-04 20:39:11 | 1596544751.4328 | INFO | SELECT * FROM `oc_products` WHERE `id` = "26" LIMIT 1 | SUCCESS
2020-08-04 20:39:11 | 1596544751.4370 | INFO | SELECT * FROM `oc_products` WHERE `id` = "27" LIMIT 1 | SUCCESS
2020-08-04 20:39:11 | 1596544751.4417 | INFO | SELECT * FROM `oc_products` WHERE `id` = "28" LIMIT 1 | SUCCESS
2020-08-04 20:39:11 | 1596544751.4461 | INFO | SELECT * FROM `oc_products` WHERE `id` = "29" LIMIT 1 | SUCCESS
2020-08-04 20:39:11 | 1596544751.4503 | INFO | SELECT * FROM `oc_products` WHERE `id` = "30" LIMIT 1 | SUCCESS
2020-08-04 20:39:11 | 1596544751.4547 | INFO | SELECT * FROM `oc_products` WHERE `id` = "31" LIMIT 1 | SUCCESS
2020-08-04 20:39:11 | 1596544751.4589 | INFO | SELECT * FROM `oc_products` WHERE `id` = "32" LIMIT 1 | SUCCESS
2020-08-04 20:39:11 | 1596544751.4633 | INFO | SELECT * FROM `oc_products` WHERE `id` = "33" LIMIT 1 | SUCCESS
2020-08-04 20:39:11 | 1596544751.4677 | INFO | SELECT * FROM `oc_products` WHERE `id` = "34" LIMIT 1 | SUCCESS
2020-08-04 20:39:11 | 1596544751.4718 | INFO | SELECT * FROM `oc_products` WHERE `id` = "35" LIMIT 1 | SUCCESS
2020-08-04 20:39:11 | 1596544751.4758 | INFO | SELECT * FROM `oc_products` WHERE `id` = "36" LIMIT 1 | SUCCESS
2020-08-04 20:39:11 | 1596544751.4797 | INFO | SELECT * FROM `oc_products` WHERE `id` = "37" LIMIT 1 | SUCCESS
2020-08-04 20:39:11 | 1596544751.4840 | INFO | SELECT * FROM `oc_products` WHERE `id` = "38" LIMIT 1 | SUCCESS
2020-08-04 20:39:11 | 1596544751.4883 | INFO | SELECT * FROM `oc_products` WHERE `id` = "39" LIMIT 1 | SUCCESS
2020-08-04 20:39:11 | 1596544751.4923 | INFO | SELECT * FROM `oc_products` WHERE `id` = "40" LIMIT 1 | SUCCESS
2020-08-04 20:39:11 | 1596544751.4964 | INFO | SELECT * FROM `oc_products` WHERE `id` = "41" LIMIT 1 | SUCCESS
2020-08-04 20:39:11 | 1596544751.8539 | INFO | UPDATE `oc_products` SET `es_id` = 'h4Z7uXMBlQr4oNUEmMqZ'  WHERE `id` = "1" LIMIT 1 | SUCCESS
2020-08-04 20:39:12 | 1596544752.9244 | INFO | UPDATE `oc_products` SET `es_id` = 'iIZ7uXMBlQr4oNUEnMrf'  WHERE `id` = "2" LIMIT 1 | SUCCESS
2020-08-04 20:39:13 | 1596544753.9971 | INFO | UPDATE `oc_products` SET `es_id` = 'iYZ7uXMBlQr4oNUEocoM'  WHERE `id` = "3" LIMIT 1 | SUCCESS
2020-08-04 20:39:15 | 1596544755.0699 | INFO | UPDATE `oc_products` SET `es_id` = 'ioZ7uXMBlQr4oNUEpco_'  WHERE `id` = "4" LIMIT 1 | SUCCESS
2020-08-04 20:39:16 | 1596544756.1413 | INFO | UPDATE `oc_products` SET `es_id` = 'jIZ7uXMBlQr4oNUEqcpt'  WHERE `id` = "5" LIMIT 1 | SUCCESS
2020-08-04 20:39:17 | 1596544757.2133 | INFO | UPDATE `oc_products` SET `es_id` = 'jYZ7uXMBlQr4oNUErcqf'  WHERE `id` = "6" LIMIT 1 | SUCCESS
2020-08-04 20:39:18 | 1596544758.2849 | INFO | UPDATE `oc_products` SET `es_id` = 'joZ7uXMBlQr4oNUEscrN'  WHERE `id` = "7" LIMIT 1 | SUCCESS
2020-08-04 20:39:19 | 1596544759.3600 | INFO | UPDATE `oc_products` SET `es_id` = 'j4Z7uXMBlQr4oNUEtcr9'  WHERE `id` = "8" LIMIT 1 | SUCCESS
2020-08-04 20:39:20 | 1596544760.4311 | INFO | UPDATE `oc_products` SET `es_id` = 'kIZ7uXMBlQr4oNUEusoz'  WHERE `id` = "9" LIMIT 1 | SUCCESS
2020-08-04 20:39:21 | 1596544761.5072 | INFO | UPDATE `oc_products` SET `es_id` = 'kYZ7uXMBlQr4oNUEvspi'  WHERE `id` = "10" LIMIT 1 | SUCCESS
2020-08-04 20:39:22 | 1596544762.5839 | INFO | UPDATE `oc_products` SET `es_id` = 'koZ7uXMBlQr4oNUEwsqW'  WHERE `id` = "11" LIMIT 1 | SUCCESS
2020-08-04 20:39:23 | 1596544763.6554 | INFO | UPDATE `oc_products` SET `es_id` = 'k4Z7uXMBlQr4oNUExsrI'  WHERE `id` = "12" LIMIT 1 | SUCCESS
2020-08-04 20:39:24 | 1596544764.7295 | INFO | UPDATE `oc_products` SET `es_id` = 'lIZ7uXMBlQr4oNUEysr3'  WHERE `id` = "13" LIMIT 1 | SUCCESS
2020-08-04 20:39:25 | 1596544765.8022 | INFO | UPDATE `oc_products` SET `es_id` = 'loZ7uXMBlQr4oNUEz8oq'  WHERE `id` = "14" LIMIT 1 | SUCCESS
2020-08-04 20:39:26 | 1596544766.8701 | INFO | UPDATE `oc_products` SET `es_id` = 'l4Z7uXMBlQr4oNUE08pc'  WHERE `id` = "15" LIMIT 1 | SUCCESS
2020-08-04 20:39:27 | 1596544767.9433 | INFO | UPDATE `oc_products` SET `es_id` = 'mIZ7uXMBlQr4oNUE18qF'  WHERE `id` = "16" LIMIT 1 | SUCCESS
2020-08-04 20:39:29 | 1596544769.0139 | INFO | UPDATE `oc_products` SET `es_id` = 'mYZ7uXMBlQr4oNUE28q4'  WHERE `id` = "17" LIMIT 1 | SUCCESS
2020-08-04 20:39:30 | 1596544770.0887 | INFO | UPDATE `oc_products` SET `es_id` = 'moZ7uXMBlQr4oNUE38rn'  WHERE `id` = "18" LIMIT 1 | SUCCESS
2020-08-04 20:39:31 | 1596544771.1581 | INFO | UPDATE `oc_products` SET `es_id` = 'm4Z7uXMBlQr4oNUE5Mob'  WHERE `id` = "19" LIMIT 1 | SUCCESS
2020-08-04 20:39:32 | 1596544772.2326 | INFO | UPDATE `oc_products` SET `es_id` = 'nIZ7uXMBlQr4oNUE6MpH'  WHERE `id` = "20" LIMIT 1 | SUCCESS
2020-08-04 20:39:33 | 1596544773.3019 | INFO | UPDATE `oc_products` SET `es_id` = 'nYZ7uXMBlQr4oNUE7Mp5'  WHERE `id` = "21" LIMIT 1 | SUCCESS
2020-08-04 20:39:34 | 1596544774.3758 | INFO | UPDATE `oc_products` SET `es_id` = 'noZ7uXMBlQr4oNUE8Mqm'  WHERE `id` = "22" LIMIT 1 | SUCCESS
2020-08-04 20:39:35 | 1596544775.5544 | INFO | UPDATE `oc_products` SET `es_id` = 'oIZ7uXMBlQr4oNUE9MrY'  WHERE `id` = "23" LIMIT 1 | SUCCESS
2020-08-04 20:39:36 | 1596544776.6323 | INFO | UPDATE `oc_products` SET `es_id` = 'oYZ7uXMBlQr4oNUE-cpy'  WHERE `id` = "24" LIMIT 1 | SUCCESS
2020-08-04 20:39:37 | 1596544777.7014 | INFO | UPDATE `oc_products` SET `es_id` = 'ooZ7uXMBlQr4oNUE_cqo'  WHERE `id` = "25" LIMIT 1 | SUCCESS
2020-08-04 20:39:38 | 1596544778.7761 | INFO | UPDATE `oc_products` SET `es_id` = 'o4Z8uXMBlQr4oNUEAcrV'  WHERE `id` = "26" LIMIT 1 | SUCCESS
2020-08-04 20:39:39 | 1596544779.8505 | INFO | UPDATE `oc_products` SET `es_id` = 'pIZ8uXMBlQr4oNUEBsoJ'  WHERE `id` = "27" LIMIT 1 | SUCCESS
2020-08-04 20:39:40 | 1596544780.9248 | INFO | UPDATE `oc_products` SET `es_id` = 'pYZ8uXMBlQr4oNUECso5'  WHERE `id` = "28" LIMIT 1 | SUCCESS
2020-08-04 20:39:41 | 1596544781.9944 | INFO | UPDATE `oc_products` SET `es_id` = 'poZ8uXMBlQr4oNUEDspu'  WHERE `id` = "29" LIMIT 1 | SUCCESS
2020-08-04 20:39:43 | 1596544783.0671 | INFO | UPDATE `oc_products` SET `es_id` = 'p4Z8uXMBlQr4oNUEEsqa'  WHERE `id` = "30" LIMIT 1 | SUCCESS
2020-08-04 20:39:44 | 1596544784.1384 | INFO | UPDATE `oc_products` SET `es_id` = 'qIZ8uXMBlQr4oNUEFsrL'  WHERE `id` = "31" LIMIT 1 | SUCCESS
2020-08-04 20:39:45 | 1596544785.2119 | INFO | UPDATE `oc_products` SET `es_id` = 'qYZ8uXMBlQr4oNUEGsr7'  WHERE `id` = "32" LIMIT 1 | SUCCESS
2020-08-04 20:39:46 | 1596544786.2821 | INFO | UPDATE `oc_products` SET `es_id` = 'q4Z8uXMBlQr4oNUEH8or'  WHERE `id` = "33" LIMIT 1 | SUCCESS
2020-08-04 20:39:47 | 1596544787.3526 | INFO | UPDATE `oc_products` SET `es_id` = 'rIZ8uXMBlQr4oNUEI8pa'  WHERE `id` = "34" LIMIT 1 | SUCCESS
2020-08-04 20:39:48 | 1596544788.4244 | INFO | UPDATE `oc_products` SET `es_id` = 'rYZ8uXMBlQr4oNUEJ8qJ'  WHERE `id` = "35" LIMIT 1 | SUCCESS
2020-08-04 20:39:49 | 1596544789.5056 | INFO | UPDATE `oc_products` SET `es_id` = 'roZ8uXMBlQr4oNUEK8q4'  WHERE `id` = "36" LIMIT 1 | SUCCESS
2020-08-04 20:39:50 | 1596544790.5789 | INFO | UPDATE `oc_products` SET `es_id` = 'r4Z8uXMBlQr4oNUEL8ry'  WHERE `id` = "37" LIMIT 1 | SUCCESS
2020-08-04 20:39:51 | 1596544791.6498 | INFO | UPDATE `oc_products` SET `es_id` = 'sIZ8uXMBlQr4oNUENMok'  WHERE `id` = "38" LIMIT 1 | SUCCESS
2020-08-04 20:39:52 | 1596544792.7219 | INFO | UPDATE `oc_products` SET `es_id` = 'sYZ8uXMBlQr4oNUEOMpR'  WHERE `id` = "39" LIMIT 1 | SUCCESS
2020-08-04 20:39:53 | 1596544793.7928 | INFO | UPDATE `oc_products` SET `es_id` = 'soZ8uXMBlQr4oNUEPMqB'  WHERE `id` = "40" LIMIT 1 | SUCCESS
2020-08-04 20:39:54 | 1596544794.8677 | INFO | UPDATE `oc_products` SET `es_id` = 's4Z8uXMBlQr4oNUEQMqx'  WHERE `id` = "41" LIMIT 1 | SUCCESS
